{"S:\\News\\client\\src\\components\\headers\\HeaderComponent.js": {"path":"S:\\News\\client\\src\\components\\headers\\HeaderComponent.js","statementMap":{"0":{"start":{"line":3,"column":24},"end":{"line":3,"column":108}},"1":{"start":{"line":3,"column":35},"end":{"line":3,"column":108}}},"fnMap":{"0":{"name":"(anonymous_0)","decl":{"start":{"line":3,"column":24},"end":{"line":3,"column":25}},"loc":{"start":{"line":3,"column":35},"end":{"line":3,"column":108}},"line":3}},"branchMap":{},"s":{"0":1,"1":2},"f":{"0":2},"b":{},"_coverageSchema":"1a1c01bbd47fc00a2c39e90264f33305004495a9","hash":"00bbdec1a67bb0baec729df44946634a01139201"}
,"S:\\News\\client\\src\\components\\newsReport\\NewsReportComponent.js": {"path":"S:\\News\\client\\src\\components\\newsReport\\NewsReportComponent.js","statementMap":{"0":{"start":{"line":3,"column":28},"end":{"line":17,"column":1}},"1":{"start":{"line":4,"column":4},"end":{"line":16,"column":6}}},"fnMap":{"0":{"name":"(anonymous_0)","decl":{"start":{"line":3,"column":28},"end":{"line":3,"column":29}},"loc":{"start":{"line":3,"column":43},"end":{"line":17,"column":1}},"line":3}},"branchMap":{},"s":{"0":2,"1":4},"f":{"0":4},"b":{},"_coverageSchema":"1a1c01bbd47fc00a2c39e90264f33305004495a9","hash":"a7205871b453656af9e223747f43436a97ef0260"}
,"S:\\News\\client\\src\\components\\newsReports\\NewsReportsComponent.js": {"path":"S:\\News\\client\\src\\components\\newsReports\\NewsReportsComponent.js","statementMap":{"0":{"start":{"line":7,"column":29},"end":{"line":25,"column":1}},"1":{"start":{"line":8,"column":25},"end":{"line":8,"column":71}},"2":{"start":{"line":8,"column":46},"end":{"line":8,"column":70}},"3":{"start":{"line":10,"column":4},"end":{"line":24,"column":6}},"4":{"start":{"line":17,"column":24},"end":{"line":17,"column":84}}},"fnMap":{"0":{"name":"(anonymous_0)","decl":{"start":{"line":7,"column":29},"end":{"line":7,"column":30}},"loc":{"start":{"line":7,"column":40},"end":{"line":25,"column":1}},"line":7},"1":{"name":"(anonymous_1)","decl":{"start":{"line":8,"column":37},"end":{"line":8,"column":38}},"loc":{"start":{"line":8,"column":46},"end":{"line":8,"column":70}},"line":8},"2":{"name":"(anonymous_2)","decl":{"start":{"line":16,"column":34},"end":{"line":16,"column":35}},"loc":{"start":{"line":17,"column":24},"end":{"line":17,"column":84}},"line":17}},"branchMap":{"0":{"loc":{"start":{"line":14,"column":14},"end":{"line":21,"column":71}},"type":"cond-expr","locations":[{"start":{"line":15,"column":16},"end":{"line":19,"column":22}},{"start":{"line":21,"column":12},"end":{"line":21,"column":71}}],"line":14},"1":{"loc":{"start":{"line":14,"column":14},"end":{"line":14,"column":45}},"type":"binary-expr","locations":[{"start":{"line":14,"column":14},"end":{"line":14,"column":22}},{"start":{"line":14,"column":26},"end":{"line":14,"column":45}}],"line":14}},"s":{"0":1,"1":3,"2":3,"3":3,"4":2},"f":{"0":3,"1":3,"2":2},"b":{"0":[2,1],"1":[3,2]},"_coverageSchema":"1a1c01bbd47fc00a2c39e90264f33305004495a9","hash":"55fa163b613d891a02e181b928cc535ceef8eeeb"}
,"S:\\News\\client\\src\\components\\search\\SearchComponent.js": {"path":"S:\\News\\client\\src\\components\\search\\SearchComponent.js","statementMap":{"0":{"start":{"line":5,"column":24},"end":{"line":39,"column":1}},"1":{"start":{"line":6,"column":21},"end":{"line":6,"column":33}},"2":{"start":{"line":7,"column":21},"end":{"line":7,"column":34}},"3":{"start":{"line":9,"column":25},"end":{"line":18,"column":5}},"4":{"start":{"line":10,"column":8},"end":{"line":10,"column":27}},"5":{"start":{"line":12,"column":26},"end":{"line":12,"column":42}},"6":{"start":{"line":13,"column":24},"end":{"line":15,"column":9}},"7":{"start":{"line":17,"column":8},"end":{"line":17,"column":43}},"8":{"start":{"line":20,"column":4},"end":{"line":38,"column":6}}},"fnMap":{"0":{"name":"(anonymous_0)","decl":{"start":{"line":5,"column":24},"end":{"line":5,"column":25}},"loc":{"start":{"line":5,"column":35},"end":{"line":39,"column":1}},"line":5},"1":{"name":"(anonymous_1)","decl":{"start":{"line":9,"column":25},"end":{"line":9,"column":26}},"loc":{"start":{"line":9,"column":32},"end":{"line":18,"column":5}},"line":9}},"branchMap":{},"s":{"0":2,"1":6,"2":6,"3":6,"4":1,"5":1,"6":1,"7":1,"8":6},"f":{"0":6,"1":1},"b":{},"_coverageSchema":"1a1c01bbd47fc00a2c39e90264f33305004495a9","hash":"f2e180ec8626e2fbb2bd93bd14938ff567989f54"}
,"S:\\News\\client\\src\\reducers\\NewsReportsReducer.js": {"path":"S:\\News\\client\\src\\reducers\\NewsReportsReducer.js","statementMap":{"0":{"start":{"line":1,"column":27},"end":{"line":12,"column":1}},"1":{"start":{"line":2,"column":4},"end":{"line":11,"column":5}},"2":{"start":{"line":4,"column":12},"end":{"line":4,"column":34}},"3":{"start":{"line":7,"column":12},"end":{"line":7,"column":34}},"4":{"start":{"line":10,"column":12},"end":{"line":10,"column":31}}},"fnMap":{"0":{"name":"(anonymous_0)","decl":{"start":{"line":1,"column":27},"end":{"line":1,"column":28}},"loc":{"start":{"line":1,"column":57},"end":{"line":12,"column":1}},"line":1}},"branchMap":{"0":{"loc":{"start":{"line":1,"column":28},"end":{"line":1,"column":44}},"type":"default-arg","locations":[{"start":{"line":1,"column":42},"end":{"line":1,"column":44}}],"line":1},"1":{"loc":{"start":{"line":2,"column":4},"end":{"line":11,"column":5}},"type":"switch","locations":[{"start":{"line":3,"column":8},"end":{"line":4,"column":34}},{"start":{"line":6,"column":8},"end":{"line":7,"column":34}},{"start":{"line":9,"column":8},"end":{"line":10,"column":31}}],"line":2}},"s":{"0":2,"1":6,"2":1,"3":1,"4":4},"f":{"0":6},"b":{"0":[6],"1":[1,1,4]},"_coverageSchema":"1a1c01bbd47fc00a2c39e90264f33305004495a9","hash":"771746e623319ef5435d1513862f3edc275f7e3b"}
,"S:\\News\\client\\src\\services\\NewsReportsService.js": {"path":"S:\\News\\client\\src\\services\\NewsReportsService.js","statementMap":{"0":{"start":{"line":3,"column":21},"end":{"line":3,"column":56}},"1":{"start":{"line":5,"column":37},"end":{"line":7,"column":1}},"2":{"start":{"line":6,"column":4},"end":{"line":6,"column":35}},"3":{"start":{"line":9,"column":38},"end":{"line":11,"column":1}},"4":{"start":{"line":10,"column":4},"end":{"line":10,"column":63}}},"fnMap":{"0":{"name":"(anonymous_0)","decl":{"start":{"line":5,"column":37},"end":{"line":5,"column":38}},"loc":{"start":{"line":5,"column":43},"end":{"line":7,"column":1}},"line":5},"1":{"name":"(anonymous_1)","decl":{"start":{"line":9,"column":38},"end":{"line":9,"column":39}},"loc":{"start":{"line":9,"column":57},"end":{"line":11,"column":1}},"line":9}},"branchMap":{},"s":{"0":3,"1":3,"2":1,"3":3,"4":2},"f":{"0":1,"1":2},"b":{},"_coverageSchema":"1a1c01bbd47fc00a2c39e90264f33305004495a9","hash":"5a19066b6068b96d14ea9d51c603a38704db0c26"}
}
