TN:
SF:src\components\headers\HeaderComponent.js
FN:3,(anonymous_0)
FNF:1
FNH:1
FNDA:2,(anonymous_0)
DA:3,2
LF:1
LH:1
BRF:0
BRH:0
end_of_record
TN:
SF:src\components\newsReport\NewsReportComponent.js
FN:3,(anonymous_0)
FNF:1
FNH:1
FNDA:4,(anonymous_0)
DA:3,2
DA:4,4
LF:2
LH:2
BRF:0
BRH:0
end_of_record
TN:
SF:src\components\newsReports\NewsReportsComponent.js
FN:7,(anonymous_0)
FN:8,(anonymous_1)
FN:16,(anonymous_2)
FNF:3
FNH:3
FNDA:3,(anonymous_0)
FNDA:3,(anonymous_1)
FNDA:2,(anonymous_2)
DA:7,1
DA:8,3
DA:10,3
DA:17,2
LF:4
LH:4
BRDA:14,0,0,2
BRDA:14,0,1,1
BRDA:14,1,0,3
BRDA:14,1,1,2
BRF:4
BRH:4
end_of_record
TN:
SF:src\components\search\SearchComponent.js
FN:5,(anonymous_0)
FN:9,(anonymous_1)
FNF:2
FNH:2
FNDA:6,(anonymous_0)
FNDA:1,(anonymous_1)
DA:5,2
DA:6,6
DA:7,6
DA:9,6
DA:10,1
DA:12,1
DA:13,1
DA:17,1
DA:20,6
LF:9
LH:9
BRF:0
BRH:0
end_of_record
TN:
SF:src\reducers\NewsReportsReducer.js
FN:1,(anonymous_0)
FNF:1
FNH:1
FNDA:6,(anonymous_0)
DA:1,2
DA:2,6
DA:4,1
DA:7,1
DA:10,4
LF:5
LH:5
BRDA:1,0,0,6
BRDA:2,1,0,1
BRDA:2,1,1,1
BRDA:2,1,2,4
BRF:4
BRH:4
end_of_record
TN:
SF:src\services\NewsReportsService.js
FN:5,(anonymous_0)
FN:9,(anonymous_1)
FNF:2
FNH:2
FNDA:1,(anonymous_0)
FNDA:2,(anonymous_1)
DA:3,3
DA:5,3
DA:6,1
DA:9,3
DA:10,2
LF:5
LH:5
BRF:0
BRH:0
end_of_record
